Calculating task graph as no cached configuration is available for tasks: :app:assembleDebug

> Configure project :app
WARNING: The option setting 'android.disallowKotlinSourceSets=false' is experimental.
The current default is 'true'.
WARNING: The option setting 'android.builtInKotlin=false' is deprecated.
The current default is 'true'.
It will be removed in version 10.0 of the Android Gradle plugin.
WARNING: The option setting 'android.newDsl=false' is deprecated.
The current default is 'true'.
It will be removed in version 10.0 of the Android Gradle plugin.

> Configure project :opencv
Configure OpenCV with Kotlin
OpenCV: 4.13.0 /app/core/native/libs/opencv/sdk/build.gradle
Checking the license for package Android SDK Build-Tools 36.1 in /opt/android-sdk/licenses
License for package Android SDK Build-Tools 36.1 accepted.
Preparing "Install Android SDK Build-Tools 36.1 v.36.1.0".
"Install Android SDK Build-Tools 36.1 v.36.1.0" ready.
Installing Android SDK Build-Tools 36.1 in /opt/android-sdk/build-tools/36.1.0
"Install Android SDK Build-Tools 36.1 v.36.1.0" complete.
"Install Android SDK Build-Tools 36.1 v.36.1.0" finished.
Checking the license for package Android SDK Platform 36.1 in /opt/android-sdk/licenses
License for package Android SDK Platform 36.1 accepted.
Preparing "Install Android SDK Platform 36.1 (revision 1)".
"Install Android SDK Platform 36.1 (revision 1)" ready.
Installing Android SDK Platform 36.1 in /opt/android-sdk/platforms/android-36.1
"Install Android SDK Platform 36.1 (revision 1)" complete.
"Install Android SDK Platform 36.1 (revision 1)" finished.
[=========                              ] 25%
Checking the license for package Android SDK Build-Tools 36 in /opt/android-sdk/licenses
License for package Android SDK Build-Tools 36 accepted.
Preparing "Install Android SDK Build-Tools 36 v.36.0.0".
"Install Android SDK Build-Tools 36 v.36.0.0" ready.
Installing Android SDK Build-Tools 36 in /opt/android-sdk/build-tools/36.0.0
"Install Android SDK Build-Tools 36 v.36.0.0" complete.
"Install Android SDK Build-Tools 36 v.36.0.0" finished.
[=========                              ] 25%                                   [=========                              ] 25%
> Task :core:common:preBuild UP-TO-DATE
> Task :opencv:preBuild UP-TO-DATE
> Task :opencv:preDebugBuild UP-TO-DATE
> Task :app:checkKotlinGradlePluginConfigurationErrors SKIPPED
> Task :core:common:preDebugBuild UP-TO-DATE
> Task :app:preBuild UP-TO-DATE
> Task :app:preDebugBuild UP-TO-DATE
> Task :core:data:preBuild UP-TO-DATE
> Task :app:mergeDebugNativeDebugMetadata NO-SOURCE
> Task :core:common:processDebugNavigationResources
> Task :opencv:processDebugNavigationResources
> Task :core:data:preDebugBuild UP-TO-DATE
> Task :core:design:preBuild UP-TO-DATE
> Task :core:design:preDebugBuild UP-TO-DATE
> Task :core:data:processDebugNavigationResources
> Task :core:domain:preBuild UP-TO-DATE
> Task :core:domain:preDebugBuild UP-TO-DATE
> Task :app:generateDebugBuildConfig
> Task :app:generateDebugResValues
> Task :core:native:preBuild UP-TO-DATE
> Task :core:native:preDebugBuild UP-TO-DATE
> Task :core:native:processDebugNavigationResources
> Task :feature:ar:preBuild UP-TO-DATE
> Task :feature:ar:preDebugBuild UP-TO-DATE
> Task :core:domain:processDebugNavigationResources
> Task :feature:ar:processDebugNavigationResources
> Task :feature:dashboard:preBuild UP-TO-DATE
> Task :feature:dashboard:preDebugBuild UP-TO-DATE
> Task :feature:editor:preBuild UP-TO-DATE
> Task :feature:editor:preDebugBuild UP-TO-DATE
> Task :app:generateDebugResources
> Task :core:design:processDebugNavigationResources
> Task :opencv:checkKotlinGradlePluginConfigurationErrors SKIPPED
> Task :feature:dashboard:processDebugNavigationResources
> Task :feature:editor:processDebugNavigationResources
> Task :opencv:generateDebugBuildConfig
> Task :opencv:generateDebugResources
> Task :opencv:javaPreCompileDebug
> Task :core:common:checkKotlinGradlePluginConfigurationErrors SKIPPED
> Task :core:common:generateDebugResources
> Task :core:common:packageDebugResources
> Task :app:packageDebugResources
> Task :opencv:packageDebugResources
> Task :core:common:javaPreCompileDebug
> Task :core:data:generateDebugResources
> Task :core:data:packageDebugResources
> Task :core:common:parseDebugLocalResources
> Task :core:data:parseDebugLocalResources
> Task :core:common:generateDebugRFile
> Task :core:data:checkKotlinGradlePluginConfigurationErrors SKIPPED
> Task :core:data:generateDebugBuildConfig
> Task :core:domain:checkKotlinGradlePluginConfigurationErrors SKIPPED
> Task :core:domain:generateDebugResources
> Task :core:domain:packageDebugResources
> Task :core:data:generateDebugRFile
> Task :core:domain:parseDebugLocalResources
> Task :core:domain:generateDebugRFile
> Task :core:data:javaPreCompileDebug
> Task :core:design:checkKotlinGradlePluginConfigurationErrors SKIPPED
> Task :opencv:parseDebugLocalResources
> Task :core:design:generateDebugResources
> Task :core:domain:javaPreCompileDebug
> Task :core:design:javaPreCompileDebug
> Task :core:native:checkKotlinGradlePluginConfigurationErrors SKIPPED
> Task :core:native:generateDebugResources
> Task :core:native:packageDebugResources
> Task :opencv:generateDebugRFile
> Task :core:design:packageDebugResources
> Task :core:native:parseDebugLocalResources
> Task :core:design:parseDebugLocalResources
> Task :core:native:generateDebugRFile
> Task :core:native:javaPreCompileDebug
> Task :feature:ar:checkKotlinGradlePluginConfigurationErrors SKIPPED
> Task :feature:ar:generateDebugResources
> Task :feature:ar:packageDebugResources
> Task :core:design:generateDebugRFile
> Task :feature:ar:javaPreCompileDebug
> Task :feature:dashboard:checkKotlinGradlePluginConfigurationErrors SKIPPED
> Task :feature:dashboard:generateDebugResources
> Task :feature:dashboard:packageDebugResources
> Task :feature:ar:parseDebugLocalResources
> Task :feature:dashboard:parseDebugLocalResources
> Task :feature:ar:generateDebugRFile
> Task :feature:dashboard:generateDebugRFile
> Task :feature:editor:checkKotlinGradlePluginConfigurationErrors SKIPPED
> Task :feature:editor:generateDebugResources
> Task :feature:editor:packageDebugResources
> Task :feature:editor:parseDebugLocalResources
> Task :feature:dashboard:javaPreCompileDebug
> Task :feature:editor:javaPreCompileDebug
> Task :feature:editor:generateDebugRFile
> Task :app:generateDebugAssets UP-TO-DATE
> Task :opencv:generateDebugAssets UP-TO-DATE
> Task :opencv:mergeDebugAssets
> Task :core:common:generateDebugAssets UP-TO-DATE
> Task :app:javaPreCompileDebug
> Task :core:data:generateDebugAssets UP-TO-DATE
> Task :core:common:mergeDebugAssets
> Task :core:design:generateDebugAssets UP-TO-DATE
> Task :core:data:mergeDebugAssets
> Task :core:domain:generateDebugAssets UP-TO-DATE
> Task :core:domain:mergeDebugAssets
> Task :core:native:generateDebugAssets UP-TO-DATE
> Task :core:design:mergeDebugAssets
> Task :feature:ar:generateDebugAssets UP-TO-DATE
> Task :core:native:mergeDebugAssets
> Task :feature:dashboard:generateDebugAssets UP-TO-DATE
> Task :feature:dashboard:mergeDebugAssets
> Task :feature:editor:generateDebugAssets UP-TO-DATE
> Task :feature:ar:mergeDebugAssets
> Task :app:desugarDebugFileDependencies
> Task :feature:editor:mergeDebugAssets
> Task :opencv:writeDebugAarMetadata
> Task :core:common:writeDebugAarMetadata
> Task :core:data:writeDebugAarMetadata
> Task :core:design:writeDebugAarMetadata
> Task :core:domain:writeDebugAarMetadata
> Task :core:native:writeDebugAarMetadata
> Task :feature:ar:writeDebugAarMetadata
> Task :feature:dashboard:writeDebugAarMetadata
> Task :feature:editor:writeDebugAarMetadata
> Task :app:processDebugNavigationResources
> Task :app:mergeDebugAssets
> Task :app:checkDebugAarMetadata
> Task :app:compressDebugAssets
> Task :app:compileDebugNavigationResources
> Task :app:mapDebugSourceSetPaths
> Task :app:createDebugCompatibleScreenManifests
> Task :app:extractDeepLinksDebug
> Task :opencv:extractDeepLinksDebug
> Task :app:parseDebugLocalResources

> Task :opencv:processDebugManifest
package="org.opencv" found in source AndroidManifest.xml: /app/core/native/libs/opencv/sdk/java/AndroidManifest.xml.
Setting the namespace via the package attribute in the source AndroidManifest.xml is no longer supported, and the value is ignored.
Recommendation: remove package="org.opencv" from the source AndroidManifest.xml: /app/core/native/libs/opencv/sdk/java/AndroidManifest.xml.

> Task :app:generateDebugRFile
> Task :core:common:extractDeepLinksDebug
> Task :core:data:extractDeepLinksDebug

> Task :core:common:processDebugManifest
package="com.hereliesaz.graffitixr.common" found in source AndroidManifest.xml: /app/core/common/src/main/AndroidManifest.xml.
Setting the namespace via the package attribute in the source AndroidManifest.xml is no longer supported, and the value is ignored.
Recommendation: remove package="com.hereliesaz.graffitixr.common" from the source AndroidManifest.xml: /app/core/common/src/main/AndroidManifest.xml.

> Task :core:design:extractDeepLinksDebug

> Task :core:data:processDebugManifest
package="com.hereliesaz.graffitixr.data" found in source AndroidManifest.xml: /app/core/data/src/main/AndroidManifest.xml.
Setting the namespace via the package attribute in the source AndroidManifest.xml is no longer supported, and the value is ignored.
Recommendation: remove package="com.hereliesaz.graffitixr.data" from the source AndroidManifest.xml: /app/core/data/src/main/AndroidManifest.xml.

> Task :core:domain:extractDeepLinksDebug

> Task :core:design:processDebugManifest
package="com.hereliesaz.graffitixr.design" found in source AndroidManifest.xml: /app/core/design/src/main/AndroidManifest.xml.
Setting the namespace via the package attribute in the source AndroidManifest.xml is no longer supported, and the value is ignored.
Recommendation: remove package="com.hereliesaz.graffitixr.design" from the source AndroidManifest.xml: /app/core/design/src/main/AndroidManifest.xml.

> Task :core:domain:processDebugManifest
package="com.hereliesaz.graffitixr.domain" found in source AndroidManifest.xml: /app/core/domain/src/main/AndroidManifest.xml.
Setting the namespace via the package attribute in the source AndroidManifest.xml is no longer supported, and the value is ignored.
Recommendation: remove package="com.hereliesaz.graffitixr.domain" from the source AndroidManifest.xml: /app/core/domain/src/main/AndroidManifest.xml.

> Task :core:native:extractDeepLinksDebug
> Task :feature:ar:extractDeepLinksDebug
> Task :core:native:processDebugManifest
> Task :feature:dashboard:extractDeepLinksDebug

> Task :feature:ar:processDebugManifest
package="com.hereliesaz.graffitixr.feature.ar" found in source AndroidManifest.xml: /app/feature/ar/src/main/AndroidManifest.xml.
Setting the namespace via the package attribute in the source AndroidManifest.xml is no longer supported, and the value is ignored.
Recommendation: remove package="com.hereliesaz.graffitixr.feature.ar" from the source AndroidManifest.xml: /app/feature/ar/src/main/AndroidManifest.xml.

> Task :feature:editor:extractDeepLinksDebug

> Task :feature:dashboard:processDebugManifest
package="com.hereliesaz.graffitixr.feature.dashboard" found in source AndroidManifest.xml: /app/feature/dashboard/src/main/AndroidManifest.xml.
Setting the namespace via the package attribute in the source AndroidManifest.xml is no longer supported, and the value is ignored.
Recommendation: remove package="com.hereliesaz.graffitixr.feature.dashboard" from the source AndroidManifest.xml: /app/feature/dashboard/src/main/AndroidManifest.xml.

> Task :feature:editor:processDebugManifest
package="com.hereliesaz.graffitixr.feature.editor" found in source AndroidManifest.xml: /app/feature/editor/src/main/AndroidManifest.xml.
Setting the namespace via the package attribute in the source AndroidManifest.xml is no longer supported, and the value is ignored.
Recommendation: remove package="com.hereliesaz.graffitixr.feature.editor" from the source AndroidManifest.xml: /app/feature/editor/src/main/AndroidManifest.xml.

> Task :opencv:compileDebugLibraryResources
> Task :core:common:compileDebugLibraryResources
> Task :core:data:compileDebugLibraryResources

> Task :app:processDebugMainManifest
[:opencv] /app/core/native/libs/opencv/sdk/build/intermediates/merged_manifest/debug/processDebugManifest/AndroidManifest.xml Warning:
	Namespace 'org.opencv' is used in multiple modules and/or libraries: :opencv, org.opencv:opencv:4.13.0. Please ensure that all modules and libraries have a unique namespace. For more information, See https://developer.android.com/studio/build/configure-app-module#set-namespace
/app/app/src/main/AndroidManifest.xml:27:5-84:19 Warning:
	application@android:theme was tagged at AndroidManifest.xml:27 to replace other declarations but no other declaration present
/app/app/src/main/AndroidManifest.xml:58:9-61:45 Warning:
	meta-data#com.google.ar.core@android:value was tagged at AndroidManifest.xml:58 to replace other declarations but no other declaration present

> Task :core:design:compileDebugLibraryResources
> Task :core:domain:compileDebugLibraryResources
> Task :core:native:compileDebugLibraryResources
> Task :feature:ar:compileDebugLibraryResources
> Task :feature:dashboard:compileDebugLibraryResources
> Task :feature:editor:compileDebugLibraryResources
> Task :app:processDebugManifest
> Task :app:processDebugManifestForPackage
> Task :app:mergeDebugResources
> Task :app:mergeDebugJniLibFolders
> Task :opencv:configureCMakeDebug[arm64-v8a]
> Task :opencv:buildCMakeDebug[arm64-v8a][opencv_jni_shared]
> Task :opencv:configureCMakeDebug[armeabi-v7a]
> Task :opencv:buildCMakeDebug[armeabi-v7a][opencv_jni_shared]
> Task :opencv:configureCMakeDebug[x86]
> Task :opencv:buildCMakeDebug[x86][opencv_jni_shared]
> Task :opencv:configureCMakeDebug[x86_64]
> Task :opencv:buildCMakeDebug[x86_64][opencv_jni_shared]
> Task :opencv:mergeDebugJniLibFolders UP-TO-DATE
> Task :opencv:mergeDebugNativeLibs UP-TO-DATE
> Task :opencv:copyDebugJniLibsProjectOnly UP-TO-DATE
> Task :core:common:mergeDebugJniLibFolders UP-TO-DATE
> Task :core:common:mergeDebugNativeLibs NO-SOURCE
> Task :core:common:copyDebugJniLibsProjectOnly UP-TO-DATE
> Task :core:data:mergeDebugJniLibFolders
> Task :app:checkDebugDuplicateClasses
> Task :core:data:mergeDebugNativeLibs NO-SOURCE
> Task :core:data:copyDebugJniLibsProjectOnly
> Task :core:design:mergeDebugJniLibFolders
> Task :core:design:mergeDebugNativeLibs NO-SOURCE
> Task :app:processDebugResources
> Task :core:domain:mergeDebugJniLibFolders UP-TO-DATE
> Task :core:domain:mergeDebugNativeLibs NO-SOURCE
> Task :core:domain:copyDebugJniLibsProjectOnly UP-TO-DATE
> Task :core:native:configureCMakeDebug[arm64-v8a]
> Task :core:native:buildCMakeDebug[arm64-v8a]
> Task :core:native:configureCMakeDebug[armeabi-v7a]
> Task :core:native:buildCMakeDebug[armeabi-v7a]
> Task :core:native:configureCMakeDebug[x86]
> Task :core:native:buildCMakeDebug[x86]
> Task :core:native:configureCMakeDebug[x86_64]
> Task :core:native:buildCMakeDebug[x86_64]
> Task :core:native:mergeDebugJniLibFolders

> Task :opencv:compileDebugKotlin
w: file:///app/core/native/libs/opencv/sdk/java/src/org/opencv/core/MatAt.kt:6:39 This declaration needs opt-in. Its usage should be marked with '@kotlin.ExperimentalUnsignedTypes' or '@OptIn(kotlin.ExperimentalUnsignedTypes::class)'
w: file:///app/core/native/libs/opencv/sdk/java/src/org/opencv/core/MatAt.kt:6:73 This declaration needs opt-in. Its usage should be marked with '@kotlin.ExperimentalUnsignedTypes' or '@OptIn(kotlin.ExperimentalUnsignedTypes::class)'
w: file:///app/core/native/libs/opencv/sdk/java/src/org/opencv/core/MatAt.kt:6:78 This declaration needs opt-in. Its usage should be marked with '@kotlin.ExperimentalUnsignedTypes' or '@OptIn(kotlin.ExperimentalUnsignedTypes::class)'
w: file:///app/core/native/libs/opencv/sdk/java/src/org/opencv/core/MatAt.kt:7:38 This declaration needs opt-in. Its usage should be marked with '@kotlin.ExperimentalUnsignedTypes' or '@OptIn(kotlin.ExperimentalUnsignedTypes::class)'
w: file:///app/core/native/libs/opencv/sdk/java/src/org/opencv/core/MatAt.kt:7:71 This declaration needs opt-in. Its usage should be marked with '@kotlin.ExperimentalUnsignedTypes' or '@OptIn(kotlin.ExperimentalUnsignedTypes::class)'
w: file:///app/core/native/libs/opencv/sdk/java/src/org/opencv/core/MatAt.kt:7:76 This declaration needs opt-in. Its usage should be marked with '@kotlin.ExperimentalUnsignedTypes' or '@OptIn(kotlin.ExperimentalUnsignedTypes::class)'
w: file:///app/core/native/libs/opencv/sdk/java/src/org/opencv/core/MatAt.kt:8:39 This declaration needs opt-in. Its usage should be marked with '@kotlin.ExperimentalUnsignedTypes' or '@OptIn(kotlin.ExperimentalUnsignedTypes::class)'
w: file:///app/core/native/libs/opencv/sdk/java/src/org/opencv/core/MatAt.kt:8:73 This declaration needs opt-in. Its usage should be marked with '@kotlin.ExperimentalUnsignedTypes' or '@OptIn(kotlin.ExperimentalUnsignedTypes::class)'
w: file:///app/core/native/libs/opencv/sdk/java/src/org/opencv/core/MatAt.kt:8:78 This declaration needs opt-in. Its usage should be marked with '@kotlin.ExperimentalUnsignedTypes' or '@OptIn(kotlin.ExperimentalUnsignedTypes::class)'
w: file:///app/core/native/libs/opencv/sdk/java/src/org/opencv/core/MatAt.kt:9:38 This declaration needs opt-in. Its usage should be marked with '@kotlin.ExperimentalUnsignedTypes' or '@OptIn(kotlin.ExperimentalUnsignedTypes::class)'
w: file:///app/core/native/libs/opencv/sdk/java/src/org/opencv/core/MatAt.kt:9:71 This declaration needs opt-in. Its usage should be marked with '@kotlin.ExperimentalUnsignedTypes' or '@OptIn(kotlin.ExperimentalUnsignedTypes::class)'
w: file:///app/core/native/libs/opencv/sdk/java/src/org/opencv/core/MatAt.kt:9:76 This declaration needs opt-in. Its usage should be marked with '@kotlin.ExperimentalUnsignedTypes' or '@OptIn(kotlin.ExperimentalUnsignedTypes::class)'
w: file:///app/core/native/libs/opencv/sdk/java/src/org/opencv/core/MatAt.kt:11:39 This declaration needs opt-in. Its usage should be marked with '@kotlin.ExperimentalUnsignedTypes' or '@OptIn(kotlin.ExperimentalUnsignedTypes::class)'
w: file:///app/core/native/libs/opencv/sdk/java/src/org/opencv/core/MatAt.kt:11:74 This declaration needs opt-in. Its usage should be marked with '@kotlin.ExperimentalUnsignedTypes' or '@OptIn(kotlin.ExperimentalUnsignedTypes::class)'
w: file:///app/core/native/libs/opencv/sdk/java/src/org/opencv/core/MatAt.kt:11:79 This declaration needs opt-in. Its usage should be marked with '@kotlin.ExperimentalUnsignedTypes' or '@OptIn(kotlin.ExperimentalUnsignedTypes::class)'
w: file:///app/core/native/libs/opencv/sdk/java/src/org/opencv/core/MatAt.kt:12:38 This declaration needs opt-in. Its usage should be marked with '@kotlin.ExperimentalUnsignedTypes' or '@OptIn(kotlin.ExperimentalUnsignedTypes::class)'
w: file:///app/core/native/libs/opencv/sdk/java/src/org/opencv/core/MatAt.kt:12:72 This declaration needs opt-in. Its usage should be marked with '@kotlin.ExperimentalUnsignedTypes' or '@OptIn(kotlin.ExperimentalUnsignedTypes::class)'
w: file:///app/core/native/libs/opencv/sdk/java/src/org/opencv/core/MatAt.kt:12:77 This declaration needs opt-in. Its usage should be marked with '@kotlin.ExperimentalUnsignedTypes' or '@OptIn(kotlin.ExperimentalUnsignedTypes::class)'
w: file:///app/core/native/libs/opencv/sdk/java/src/org/opencv/core/MatAt.kt:13:39 This declaration needs opt-in. Its usage should be marked with '@kotlin.ExperimentalUnsignedTypes' or '@OptIn(kotlin.ExperimentalUnsignedTypes::class)'
w: file:///app/core/native/libs/opencv/sdk/java/src/org/opencv/core/MatAt.kt:13:74 This declaration needs opt-in. Its usage should be marked with '@kotlin.ExperimentalUnsignedTypes' or '@OptIn(kotlin.ExperimentalUnsignedTypes::class)'
w: file:///app/core/native/libs/opencv/sdk/java/src/org/opencv/core/MatAt.kt:13:79 This declaration needs opt-in. Its usage should be marked with '@kotlin.ExperimentalUnsignedTypes' or '@OptIn(kotlin.ExperimentalUnsignedTypes::class)'
w: file:///app/core/native/libs/opencv/sdk/java/src/org/opencv/core/MatAt.kt:14:38 This declaration needs opt-in. Its usage should be marked with '@kotlin.ExperimentalUnsignedTypes' or '@OptIn(kotlin.ExperimentalUnsignedTypes::class)'
w: file:///app/core/native/libs/opencv/sdk/java/src/org/opencv/core/MatAt.kt:14:72 This declaration needs opt-in. Its usage should be marked with '@kotlin.ExperimentalUnsignedTypes' or '@OptIn(kotlin.ExperimentalUnsignedTypes::class)'
w: file:///app/core/native/libs/opencv/sdk/java/src/org/opencv/core/MatAt.kt:14:77 This declaration needs opt-in. Its usage should be marked with '@kotlin.ExperimentalUnsignedTypes' or '@OptIn(kotlin.ExperimentalUnsignedTypes::class)'

> Task :opencv:compileDebugJavaWithJavac
Note: Some input files use or override a deprecated API.
Note: Recompile with -Xlint:deprecation for details.

> Task :core:native:mergeDebugNativeLibs
> Task :opencv:processDebugJavaRes
> Task :app:mergeExtDexDebug
> Task :core:design:copyDebugJniLibsProjectOnly
> Task :core:native:copyDebugJniLibsProjectOnly
> Task :opencv:bundleLibCompileToJarDebug
> Task :opencv:bundleLibRuntimeToJarDebug
> Task :feature:ar:mergeDebugJniLibFolders
> Task :opencv:bundleLibRuntimeToDirDebug
> Task :feature:ar:mergeDebugNativeLibs NO-SOURCE
> Task :feature:ar:copyDebugJniLibsProjectOnly
> Task :feature:dashboard:mergeDebugJniLibFolders
> Task :feature:dashboard:mergeDebugNativeLibs NO-SOURCE
> Task :feature:editor:mergeDebugJniLibFolders
> Task :feature:editor:mergeDebugNativeLibs NO-SOURCE
> Task :feature:dashboard:copyDebugJniLibsProjectOnly
> Task :feature:editor:copyDebugJniLibsProjectOnly
> Task :app:mergeDebugNativeLibs
> Task :app:stripDebugDebugSymbols
> Task :app:writeDebugAppMetadata
> Task :app:writeDebugSigningConfigVersions
> Task :app:validateSigningDebug
> Task :core:common:compileDebugKotlin
> Task :core:common:processDebugJavaRes
> Task :core:common:compileDebugJavaWithJavac
> Task :core:common:bundleLibRuntimeToJarDebug
> Task :core:common:bundleLibCompileToJarDebug
> Task :core:common:bundleLibRuntimeToDirDebug
> Task :core:domain:compileDebugKotlin
> Task :core:domain:compileDebugJavaWithJavac NO-SOURCE
> Task :core:domain:bundleLibCompileToJarDebug
> Task :core:domain:bundleLibRuntimeToJarDebug
> Task :core:native:compileDebugKotlin
> Task :core:native:compileDebugJavaWithJavac NO-SOURCE
> Task :core:native:bundleLibCompileToJarDebug
> Task :core:native:bundleLibRuntimeToJarDebug
> Task :core:domain:processDebugJavaRes
> Task :core:native:processDebugJavaRes
> Task :core:native:bundleLibRuntimeToDirDebug
> Task :core:domain:bundleLibRuntimeToDirDebug
> Task :core:design:compileDebugKotlin
> Task :core:design:compileDebugJavaWithJavac NO-SOURCE
> Task :core:design:processDebugJavaRes
> Task :core:design:bundleLibCompileToJarDebug
> Task :core:design:bundleLibRuntimeToJarDebug
> Task :core:data:kspDebugKotlin

> Task :core:data:compileDebugKotlin
e: file:///app/core/data/src/main/java/com/hereliesaz/graffitixr/data/RepositoryProvider.kt:17:84 Argument type mismatch: actual type is 'CoroutineDispatcher', but 'ProjectManager' was expected.
e: file:///app/core/data/src/main/java/com/hereliesaz/graffitixr/data/di/DataModule.kt:23:38 No value passed for parameter 'projectManager'.
e: file:///app/core/data/src/main/java/com/hereliesaz/graffitixr/data/di/DataModule.kt:34:40 Argument type mismatch: actual type is 'ProjectRepository', but 'UriProvider' was expected.

> Task :core:data:compileDebugKotlin FAILED
> Task :feature:editor:compileDebugKotlin

> Task :feature:ar:compileDebugKotlin
w: file:///app/feature/ar/src/main/java/com/hereliesaz/graffitixr/feature/ar/PhotoSphereCreationScreen.kt:65:21 'when' is exhaustive so 'else' is redundant here.
w: file:///app/feature/ar/src/main/java/com/hereliesaz/graffitixr/feature/ar/rendering/PlaneRenderer.kt:44:13 Condition is always 'false'.

[Incubating] Problems report is available at: file:///app/build/reports/problems/problems-report.html

FAILURE: Build failed with an exception.

* What went wrong:
Execution failed for task ':core:data:compileDebugKotlin'.
> A failure occurred while executing org.jetbrains.kotlin.compilerRunner.GradleCompilerRunnerWithWorkers$GradleKotlinCompilerWorkAction
   > Compilation error. See log for more details

* Try:
> Run with --stacktrace option to get the stack trace.
> Run with --info or --debug option to get more log output.
> Run with --scan to get full insights from a Build Scan (powered by Develocity).
> Get more help at https://help.gradle.org.

Deprecated Gradle features were used in this build, making it incompatible with Gradle 10.

You can use '--warning-mode all' to show the individual deprecation warnings and determine if they come from your own scripts or plugins.

For more on this, please refer to https://docs.gradle.org/9.3.1/userguide/command_line_interface.html#sec:command_line_warnings in the Gradle documentation.

BUILD FAILED in 6m 38s
196 actionable tasks: 189 executed, 7 up-to-date
Configuration cache entry stored.
