
FAILURE: Build failed with an exception.

* Where:
Build file '/app/app/build.gradle.kts' line: 150

* What went wrong:
Cannot add task 'updateAzNavDocs' as a task with that name already exists.

* Try:
> Run with --stacktrace option to get the stack trace.
> Run with --info or --debug option to get more log output.
> Run with --scan to get full insights from a Build Scan (powered by Develocity).
> Get more help at https://help.gradle.org.

BUILD FAILED in 9s
